<?xml version="1.0" encoding="UTF-8"?>
<testsuite xmlns:xsi="http://www.w3.org/2001/XMLSchema-instance" xsi:noNamespaceSchemaLocation="https://maven.apache.org/surefire/maven-surefire-plugin/xsd/surefire-test-report.xsd" name="de.blackforestsolutions.locotestsoftware.test.controller.FlightControllerTest" time="14.248" tests="1" errors="0" skipped="0" failures="0">
  <properties>
[...]
</properties>
  <testcase name="test_getFlights" classname="de.blackforestsolutions.locotestsoftware.test.controller.FlightControllerTest" time="1.388"/>
</testsuite>